<?xml version="1.0" encoding="UTF-8" ?>
<testsuites name="vitest tests" tests="80" failures="0" errors="0" time="0.489335976">
    <testsuite name="src/graja-tests/graja.frontend.feature-suite.test.js" timestamp="2026-05-03T23:03:31.612Z" hostname="a74d5145aac7" tests="27" failures="0" errors="0" skipped="0" time="0.012424882">
        <testcase classname="src/graja-tests/graja.frontend.feature-suite.test.js" name="Graja Frontend Feature Tests - Auth and Security &gt; login, register, forgot password and reset password UI exist" time="0.002832368">
        </testcase>
        <testcase classname="src/graja-tests/graja.frontend.feature-suite.test.js" name="Graja Frontend Feature Tests - Auth and Security &gt; Google login integration exists" time="0.000191942">
        </testcase>
        <testcase classname="src/graja-tests/graja.frontend.feature-suite.test.js" name="Graja Frontend Feature Tests - Auth and Security &gt; Face ID / passkey / camera login frontend exists" time="0.000091128">
        </testcase>
        <testcase classname="src/graja-tests/graja.frontend.feature-suite.test.js" name="Graja Frontend Feature Tests - Auth and Security &gt; phone login and SMS verification UI exists" time="0.000076199">
        </testcase>
        <testcase classname="src/graja-tests/graja.frontend.feature-suite.test.js" name="Graja Frontend Feature Tests - AI, ML and Admin &gt; AI project generation / Ollama UI exists" time="0.000462303">
        </testcase>
        <testcase classname="src/graja-tests/graja.frontend.feature-suite.test.js" name="Graja Frontend Feature Tests - AI, ML and Admin &gt; AI quote and invoice generation UI exists" time="0.000458136">
        </testcase>
        <testcase classname="src/graja-tests/graja.frontend.feature-suite.test.js" name="Graja Frontend Feature Tests - AI, ML and Admin &gt; ML risk and delay prediction UI exists" time="0.00008597">
        </testcase>
        <testcase classname="src/graja-tests/graja.frontend.feature-suite.test.js" name="Graja Frontend Feature Tests - AI, ML and Admin &gt; fraud detection and admin analytics dashboard UI exists" time="0.000065081">
        </testcase>
        <testcase classname="src/graja-tests/graja.frontend.feature-suite.test.js" name="Graja Frontend Feature Tests - AI, ML and Admin &gt; admin artisan dashboard/statistics UI exists" time="0.000243403">
        </testcase>
        <testcase classname="src/graja-tests/graja.frontend.feature-suite.test.js" name="Graja Frontend Feature Tests - Messaging and Media &gt; messaging UI exists" time="0.000076005">
        </testcase>
        <testcase classname="src/graja-tests/graja.frontend.feature-suite.test.js" name="Graja Frontend Feature Tests - Messaging and Media &gt; message update/delete/archive UI exists" time="0.000298239">
        </testcase>
        <testcase classname="src/graja-tests/graja.frontend.feature-suite.test.js" name="Graja Frontend Feature Tests - Messaging and Media &gt; realtime notification for messages exists" time="0.000295541">
        </testcase>
        <testcase classname="src/graja-tests/graja.frontend.feature-suite.test.js" name="Graja Frontend Feature Tests - Messaging and Media &gt; PDF/image/vocal attachments in messaging exist" time="0.000201669">
        </testcase>
        <testcase classname="src/graja-tests/graja.frontend.feature-suite.test.js" name="Graja Frontend Feature Tests - Artisan, Prescripteur, Projects &gt; artisan CRUD and artisan pages exist" time="0.000171066">
        </testcase>
        <testcase classname="src/graja-tests/graja.frontend.feature-suite.test.js" name="Graja Frontend Feature Tests - Artisan, Prescripteur, Projects &gt; prescripteur project display exists" time="0.000096231">
        </testcase>
        <testcase classname="src/graja-tests/graja.frontend.feature-suite.test.js" name="Graja Frontend Feature Tests - Artisan, Prescripteur, Projects &gt; project pagination and three-dot actions exist" time="0.000306974">
        </testcase>
        <testcase classname="src/graja-tests/graja.frontend.feature-suite.test.js" name="Graja Frontend Feature Tests - Artisan, Prescripteur, Projects &gt; project and profile localisation/map picker exists" time="0.000119847">
        </testcase>
        <testcase classname="src/graja-tests/graja.frontend.feature-suite.test.js" name="Graja Frontend Feature Tests - Quotes, Invoices, PDF, Excel &gt; quotes/devis CRUD frontend exists" time="0.000106858">
        </testcase>
        <testcase classname="src/graja-tests/graja.frontend.feature-suite.test.js" name="Graja Frontend Feature Tests - Quotes, Invoices, PDF, Excel &gt; invoice CRUD frontend exists" time="0.00019767">
        </testcase>
        <testcase classname="src/graja-tests/graja.frontend.feature-suite.test.js" name="Graja Frontend Feature Tests - Quotes, Invoices, PDF, Excel &gt; PDF and Excel export/display exists" time="0.000228101">
        </testcase>
        <testcase classname="src/graja-tests/graja.frontend.feature-suite.test.js" name="Graja Frontend Feature Tests - Translation and Accessibility &gt; LibreTranslate / translation API frontend exists" time="0.000391627">
        </testcase>
        <testcase classname="src/graja-tests/graja.frontend.feature-suite.test.js" name="Graja Frontend Feature Tests - Translation and Accessibility &gt; mouse selection description helper exists" time="0.000348489">
        </testcase>
        <testcase classname="src/graja-tests/graja.frontend.feature-suite.test.js" name="Graja Frontend Feature Tests - Translation and Accessibility &gt; text-to-speech page reading exists" time="0.000256333">
        </testcase>
        <testcase classname="src/graja-tests/graja.frontend.feature-suite.test.js" name="Graja Frontend Feature Tests - Translation and Accessibility &gt; voice navigation / microphone accessibility exists" time="0.0001744">
        </testcase>
        <testcase classname="src/graja-tests/graja.frontend.feature-suite.test.js" name="Graja Frontend Feature Tests - Cloudinary and UI Fixes &gt; Cloudinary image saving frontend exists" time="0.000268097">
        </testcase>
        <testcase classname="src/graja-tests/graja.frontend.feature-suite.test.js" name="Graja Frontend Feature Tests - Cloudinary and UI Fixes &gt; theme provider / layout fixes exist" time="0.000314998">
        </testcase>
        <testcase classname="src/graja-tests/graja.frontend.feature-suite.test.js" name="Graja Frontend Feature Tests - Cloudinary and UI Fixes &gt; frontend source has enough feature files" time="0.000215568">
        </testcase>
    </testsuite>
    <testsuite name="src/test/components.ReadCardButton.test.jsx" timestamp="2026-05-03T23:03:31.650Z" hostname="a74d5145aac7" tests="8" failures="0" errors="0" skipped="0" time="0.281279844">
        <testcase classname="src/test/components.ReadCardButton.test.jsx" name="ReadCardButton &gt; renders a button with aria-label" time="0.205937305">
        </testcase>
        <testcase classname="src/test/components.ReadCardButton.test.jsx" name="ReadCardButton &gt; calls speechSynthesis.speak when clicked" time="0.017569502">
        </testcase>
        <testcase classname="src/test/components.ReadCardButton.test.jsx" name="ReadCardButton &gt; passes the correct text to SpeechSynthesisUtterance" time="0.010037339">
        </testcase>
        <testcase classname="src/test/components.ReadCardButton.test.jsx" name="ReadCardButton &gt; calls speechSynthesis.cancel when clicked while reading" time="0.008539452">
        </testcase>
        <testcase classname="src/test/components.ReadCardButton.test.jsx" name="ReadCardButton &gt; stops propagation on click (does not bubble to parent)" time="0.009993702">
        </testcase>
        <testcase classname="src/test/components.ReadCardButton.test.jsx" name="ReadCardButton &gt; renders with size=&quot;md&quot; larger class" time="0.007476586">
        </testcase>
        <testcase classname="src/test/components.ReadCardButton.test.jsx" name="ReadCardButton &gt; renders with size=&quot;sm&quot; smaller class by default" time="0.006844841">
        </testcase>
        <testcase classname="src/test/components.ReadCardButton.test.jsx" name="ReadCardButton &gt; does not speak when text is empty" time="0.008893129">
        </testcase>
    </testsuite>
    <testsuite name="src/test/hooks.useFormValidation.test.js" timestamp="2026-05-03T23:03:31.660Z" hostname="a74d5145aac7" tests="14" failures="0" errors="0" skipped="0" time="0.07507761">
        <testcase classname="src/test/hooks.useFormValidation.test.js" name="useFormValidation &gt; rules.required &gt; fails on empty string" time="0.021881613">
        </testcase>
        <testcase classname="src/test/hooks.useFormValidation.test.js" name="useFormValidation &gt; rules.required &gt; fails on whitespace-only string" time="0.006966687">
        </testcase>
        <testcase classname="src/test/hooks.useFormValidation.test.js" name="useFormValidation &gt; rules.required &gt; passes on non-empty string" time="0.003413174">
        </testcase>
        <testcase classname="src/test/hooks.useFormValidation.test.js" name="useFormValidation &gt; rules.minLength &gt; fails when string is too short" time="0.003056744">
        </testcase>
        <testcase classname="src/test/hooks.useFormValidation.test.js" name="useFormValidation &gt; rules.minLength &gt; passes when string meets minimum length" time="0.003015396">
        </testcase>
        <testcase classname="src/test/hooks.useFormValidation.test.js" name="useFormValidation &gt; rules.minLength &gt; fails on empty string (minLength always validates)" time="0.007002126">
        </testcase>
        <testcase classname="src/test/hooks.useFormValidation.test.js" name="useFormValidation &gt; rules.maxLength &gt; fails when string exceeds max length" time="0.002834473">
        </testcase>
        <testcase classname="src/test/hooks.useFormValidation.test.js" name="useFormValidation &gt; rules.maxLength &gt; passes when string is within max length" time="0.002595723">
        </testcase>
        <testcase classname="src/test/hooks.useFormValidation.test.js" name="useFormValidation &gt; rules.phone &gt; fails on invalid phone number" time="0.002120631">
        </testcase>
        <testcase classname="src/test/hooks.useFormValidation.test.js" name="useFormValidation &gt; rules.phone &gt; passes on valid Tunisian phone number" time="0.001638185">
        </testcase>
        <testcase classname="src/test/hooks.useFormValidation.test.js" name="useFormValidation &gt; rules.phone &gt; fails on empty phone (phone regex requires digits)" time="0.004930439">
        </testcase>
        <testcase classname="src/test/hooks.useFormValidation.test.js" name="useFormValidation &gt; multiple rules &gt; stops at first failing rule" time="0.002920646">
        </testcase>
        <testcase classname="src/test/hooks.useFormValidation.test.js" name="useFormValidation &gt; multiple rules &gt; validates all fields and returns false if any fail" time="0.004519689">
        </testcase>
        <testcase classname="src/test/hooks.useFormValidation.test.js" name="useFormValidation &gt; multiple rules &gt; returns true when all fields pass" time="0.002331361">
        </testcase>
    </testsuite>
    <testsuite name="src/test/hooks.useNotification.test.js" timestamp="2026-05-03T23:03:31.682Z" hostname="a74d5145aac7" tests="6" failures="0" errors="0" skipped="0" time="0.064385931">
        <testcase classname="src/test/hooks.useNotification.test.js" name="useNotification &gt; starts with no notification" time="0.034130916">
        </testcase>
        <testcase classname="src/test/hooks.useNotification.test.js" name="useNotification &gt; showNotification sets message and type" time="0.008705801">
        </testcase>
        <testcase classname="src/test/hooks.useNotification.test.js" name="useNotification &gt; hideNotification clears the notification" time="0.006031097">
        </testcase>
        <testcase classname="src/test/hooks.useNotification.test.js" name="useNotification &gt; defaults type to success when not specified" time="0.003681407">
        </testcase>
        <testcase classname="src/test/hooks.useNotification.test.js" name="useNotification &gt; supports success type" time="0.003203099">
        </testcase>
        <testcase classname="src/test/hooks.useNotification.test.js" name="useNotification &gt; supports warning type" time="0.003237919">
        </testcase>
    </testsuite>
    <testsuite name="src/test/utils.apiResponse.test.js" timestamp="2026-05-03T23:03:31.696Z" hostname="a74d5145aac7" tests="6" failures="0" errors="0" skipped="0" time="0.015203244">
        <testcase classname="src/test/utils.apiResponse.test.js" name="apiFetch &gt; makes a GET request and returns parsed JSON" time="0.006566095">
        </testcase>
        <testcase classname="src/test/utils.apiResponse.test.js" name="apiFetch &gt; sends Authorization header when token provided" time="0.002255544">
        </testcase>
        <testcase classname="src/test/utils.apiResponse.test.js" name="apiFetch &gt; sends Content-Type: application/json for JSON body" time="0.000354022">
        </testcase>
        <testcase classname="src/test/utils.apiResponse.test.js" name="apiFetch &gt; does NOT set Content-Type for FormData body" time="0.000924354">
        </testcase>
        <testcase classname="src/test/utils.apiResponse.test.js" name="apiFetch &gt; includes method in request options" time="0.001181972">
        </testcase>
        <testcase classname="src/test/utils.apiResponse.test.js" name="apiFetch &gt; handles empty response body gracefully" time="0.000914771">
        </testcase>
    </testsuite>
    <testsuite name="src/test/utils.geolocation.test.js" timestamp="2026-05-03T23:03:31.703Z" hostname="a74d5145aac7" tests="3" failures="0" errors="0" skipped="0" time="0.031822082">
        <testcase classname="src/test/utils.geolocation.test.js" name="geolocation utilities &gt; getCurrentPositionWithAddress &gt; resolves with coordinates when geolocation succeeds" time="0.027246163">
        </testcase>
        <testcase classname="src/test/utils.geolocation.test.js" name="geolocation utilities &gt; getCurrentPositionWithAddress &gt; rejects when geolocation is denied" time="0.002107358">
        </testcase>
        <testcase classname="src/test/utils.geolocation.test.js" name="geolocation utilities &gt; getCurrentPositionWithAddress &gt; rejects when geolocation is not supported" time="0.000542222">
        </testcase>
    </testsuite>
    <testsuite name="src/wendy-tests/wendy.frontend.feature-suite.test.js" timestamp="2026-05-03T23:03:31.709Z" hostname="a74d5145aac7" tests="16" failures="0" errors="0" skipped="0" time="0.009142383">
        <testcase classname="src/wendy-tests/wendy.frontend.feature-suite.test.js" name="Wendy Frontend - User &amp; Fournisseur &gt; user management UI exists" time="0.002163428">
        </testcase>
        <testcase classname="src/wendy-tests/wendy.frontend.feature-suite.test.js" name="Wendy Frontend - User &amp; Fournisseur &gt; fournisseur/supplier profile UI exists" time="0.000182574">
        </testcase>
        <testcase classname="src/wendy-tests/wendy.frontend.feature-suite.test.js" name="Wendy Frontend - User &amp; Fournisseur &gt; fournisseur CRUD UI exists" time="0.00105871">
        </testcase>
        <testcase classname="src/wendy-tests/wendy.frontend.feature-suite.test.js" name="Wendy Frontend - Orders System &gt; order request UI exists" time="0.000161053">
        </testcase>
        <testcase classname="src/wendy-tests/wendy.frontend.feature-suite.test.js" name="Wendy Frontend - Orders System &gt; order history and status UI exists" time="0.001553805">
        </testcase>
        <testcase classname="src/wendy-tests/wendy.frontend.feature-suite.test.js" name="Wendy Frontend - Orders System &gt; supplier dashboard statistics UI exists" time="0.000537491">
        </testcase>
        <testcase classname="src/wendy-tests/wendy.frontend.feature-suite.test.js" name="Wendy Frontend - Email &amp; Notifications &gt; email / notification UI exists" time="0.000109919">
        </testcase>
        <testcase classname="src/wendy-tests/wendy.frontend.feature-suite.test.js" name="Wendy Frontend - AI / ML / Insights &gt; AI insights UI exists" time="0.000097509">
        </testcase>
        <testcase classname="src/wendy-tests/wendy.frontend.feature-suite.test.js" name="Wendy Frontend - AI / ML / Insights &gt; ML prediction UI exists" time="0.000068568">
        </testcase>
        <testcase classname="src/wendy-tests/wendy.frontend.feature-suite.test.js" name="Wendy Frontend - Real-time &amp; Messaging &gt; real-time updates UI exists" time="0.000431494">
        </testcase>
        <testcase classname="src/wendy-tests/wendy.frontend.feature-suite.test.js" name="Wendy Frontend - Favorites, Cart, Reviews &gt; favorites UI exists" time="0.000101633">
        </testcase>
        <testcase classname="src/wendy-tests/wendy.frontend.feature-suite.test.js" name="Wendy Frontend - Favorites, Cart, Reviews &gt; cart system UI exists" time="0.000078585">
        </testcase>
        <testcase classname="src/wendy-tests/wendy.frontend.feature-suite.test.js" name="Wendy Frontend - Favorites, Cart, Reviews &gt; review system UI exists" time="0.000089755">
        </testcase>
        <testcase classname="src/wendy-tests/wendy.frontend.feature-suite.test.js" name="Wendy Frontend - Search &amp; Portfolio &gt; artisan portfolio UI exists" time="0.000063885">
        </testcase>
        <testcase classname="src/wendy-tests/wendy.frontend.feature-suite.test.js" name="Wendy Frontend - Search &amp; Portfolio &gt; search functionality UI exists" time="0.000064236">
        </testcase>
        <testcase classname="src/wendy-tests/wendy.frontend.feature-suite.test.js" name="Wendy Frontend - DevOps readiness &gt; frontend has enough source files" time="0.000165413">
        </testcase>
    </testsuite>
</testsuites>
