TN:
SF:src\modules\auth\auth.service.js
FN:17,getGoogleClient
FN:29,makeToken
FN:33,hashToken
FN:37,buildVerifyLink
FN:42,sendVerificationEmail
FN:62,signJwt
FN:70,sanitizeUser
FN:76,register
FN:109,login
FN:163,me
FN:174,verifyEmail
FN:197,resendVerification
FN:230,googleLogin
FN:315,updateProfile
FN:411,changePassword
FN:435,buildResetPasswordLink
FN:440,forgotPassword
FN:492,resetPassword
FN:525,phoneStart
FN:547,phoneVerify
FN:574,setRole
FNF:21
FNH:15
FNDA:0,getGoogleClient
FNDA:3,makeToken
FNDA:6,hashToken
FNDA:2,buildVerifyLink
FNDA:0,sendVerificationEmail
FNDA:3,signJwt
FNDA:4,sanitizeUser
FNDA:3,register
FNDA:4,login
FNDA:0,me
FNDA:2,verifyEmail
FNDA:2,resendVerification
FNDA:0,googleLogin
FNDA:0,updateProfile
FNDA:1,changePassword
FNDA:1,buildResetPasswordLink
FNDA:2,forgotPassword
FNDA:2,resetPassword
FNDA:2,phoneStart
FNDA:2,phoneVerify
FNDA:0,setRole
DA:1,1
DA:2,1
DA:3,1
DA:4,1
DA:5,1
DA:6,1
DA:7,1
DA:8,1
DA:10,1
DA:11,1
DA:14,1
DA:15,1
DA:18,0
DA:19,0
DA:22,0
DA:23,0
DA:24,0
DA:26,0
DA:30,3
DA:34,6
DA:38,2
DA:39,2
DA:43,0
DA:44,0
DA:45,0
DA:46,0
DA:58,0
DA:59,0
DA:63,3
DA:71,4
DA:72,4
DA:73,4
DA:77,3
DA:78,1
DA:81,2
DA:82,2
DA:83,1
DA:86,1
DA:87,1
DA:88,1
DA:89,1
DA:91,1
DA:98,1
DA:99,1
DA:100,0
DA:102,1
DA:103,1
DA:106,1
DA:111,4
DA:112,4
DA:113,1
DA:116,3
DA:123,3
DA:124,0
DA:127,3
DA:128,0
DA:131,3
DA:132,3
DA:133,0
DA:136,3
DA:137,3
DA:138,1
DA:141,2
DA:142,1
DA:143,1
DA:144,1
DA:145,1
DA:147,0
DA:148,0
DA:149,0
DA:150,0
DA:154,2
DA:155,0
DA:158,2
DA:160,2
DA:164,0
DA:165,0
DA:166,0
DA:167,0
DA:168,0
DA:170,0
DA:171,0
DA:175,2
DA:176,1
DA:178,1
DA:180,1
DA:185,1
DA:186,0
DA:189,1
DA:190,1
DA:191,1
DA:192,1
DA:194,1
DA:198,2
DA:199,0
DA:202,2
DA:203,2
DA:204,0
DA:207,2
DA:208,1
DA:211,1
DA:212,1
DA:213,1
DA:215,1
DA:216,1
DA:217,1
DA:219,1
DA:220,1
DA:221,0
DA:223,1
DA:224,1
DA:227,1
DA:231,0
DA:232,0
DA:237,0
DA:238,0
DA:241,0
DA:242,0
DA:243,0
DA:247,0
DA:252,0
DA:253,0
DA:254,0
DA:255,0
DA:257,0
DA:258,0
DA:261,0
DA:263,0
DA:264,0
DA:265,0
DA:267,0
DA:281,0
DA:282,0
DA:283,0
DA:284,0
DA:285,0
DA:288,0
DA:289,0
DA:290,0
DA:291,0
DA:292,0
DA:294,0
DA:295,0
DA:296,0
DA:297,0
DA:301,0
DA:302,0
DA:305,0
DA:307,0
DA:308,0
DA:316,0
DA:317,0
DA:318,0
DA:320,0
DA:321,0
DA:322,0
DA:323,0
DA:324,0
DA:325,0
DA:328,0
DA:331,0
DA:332,0
DA:334,0
DA:335,0
DA:337,0
DA:338,0
DA:341,0
DA:342,0
DA:345,0
DA:346,0
DA:347,0
DA:350,0
DA:351,0
DA:352,0
DA:353,0
DA:355,0
DA:356,0
DA:361,0
DA:362,0
DA:363,0
DA:373,0
DA:374,0
DA:377,0
DA:378,0
DA:381,0
DA:383,0
DA:384,0
DA:385,0
DA:386,0
DA:387,0
DA:388,0
DA:389,0
DA:392,0
DA:393,0
DA:396,0
DA:397,0
DA:398,0
DA:404,0
DA:405,0
DA:406,0
DA:408,0
DA:412,1
DA:413,1
DA:414,0
DA:417,1
DA:418,0
DA:422,1
DA:423,1
DA:424,1
DA:425,1
DA:429,0
DA:430,0
DA:431,0
DA:432,0
DA:436,1
DA:437,1
DA:441,2
DA:442,2
DA:443,0
DA:446,2
DA:449,2
DA:450,1
DA:454,1
DA:455,0
DA:458,1
DA:459,1
DA:460,1
DA:461,1
DA:463,1
DA:465,1
DA:466,1
DA:467,0
DA:485,1
DA:486,1
DA:489,1
DA:493,2
DA:494,2
DA:496,2
DA:497,0
DA:499,2
DA:500,0
DA:503,2
DA:505,2
DA:510,2
DA:511,1
DA:514,1
DA:515,1
DA:517,1
DA:518,1
DA:520,1
DA:522,1
DA:526,2
DA:527,2
DA:528,0
DA:531,2
DA:532,2
DA:533,0
DA:536,2
DA:537,1
DA:538,1
DA:539,1
DA:540,1
DA:543,1
DA:544,1
DA:548,2
DA:549,2
DA:550,2
DA:551,0
DA:554,2
DA:555,2
DA:556,0
DA:559,2
DA:560,2
DA:561,1
DA:565,1
DA:566,0
DA:567,0
DA:570,1
DA:571,1
DA:575,0
DA:576,0
DA:578,0
DA:579,0
DA:580,0
DA:583,0
DA:585,0
DA:586,0
DA:588,0
DA:589,0
DA:592,1
LF:290
LH:142
BRDA:18,0,0,0
BRDA:18,0,1,0
BRDA:19,1,0,0
BRDA:19,1,1,0
BRDA:22,2,0,0
BRDA:22,2,1,0
BRDA:22,3,0,0
BRDA:22,3,1,0
BRDA:38,4,0,2
BRDA:38,4,1,0
BRDA:38,4,2,0
BRDA:62,5,0,3
BRDA:66,6,0,3
BRDA:66,6,1,3
BRDA:71,7,0,4
BRDA:71,7,1,0
BRDA:77,8,0,1
BRDA:77,8,1,2
BRDA:82,9,0,1
BRDA:82,9,1,1
BRDA:89,10,0,1
BRDA:89,10,1,0
BRDA:99,11,0,0
BRDA:99,11,1,1
BRDA:111,12,0,4
BRDA:111,12,1,1
BRDA:112,13,0,1
BRDA:112,13,1,3
BRDA:123,14,0,0
BRDA:123,14,1,3
BRDA:127,15,0,0
BRDA:127,15,1,3
BRDA:131,16,0,3
BRDA:131,16,1,0
BRDA:132,17,0,0
BRDA:132,17,1,3
BRDA:136,18,0,3
BRDA:136,18,1,1
BRDA:137,19,0,1
BRDA:137,19,1,2
BRDA:137,20,0,3
BRDA:137,20,1,2
BRDA:141,21,0,1
BRDA:141,21,1,1
BRDA:142,22,0,1
BRDA:142,22,1,0
BRDA:142,23,0,1
BRDA:142,23,1,1
BRDA:147,24,0,0
BRDA:147,24,1,0
BRDA:154,25,0,0
BRDA:154,25,1,2
BRDA:165,26,0,0
BRDA:165,26,1,0
BRDA:175,27,0,1
BRDA:175,27,1,1
BRDA:185,28,0,0
BRDA:185,28,1,1
BRDA:198,29,0,0
BRDA:198,29,1,2
BRDA:203,30,0,0
BRDA:203,30,1,2
BRDA:207,31,0,1
BRDA:207,31,1,1
BRDA:213,32,0,1
BRDA:213,32,1,0
BRDA:220,33,0,0
BRDA:220,33,1,1
BRDA:231,34,0,0
BRDA:231,34,1,0
BRDA:237,35,0,0
BRDA:237,35,1,0
BRDA:237,36,0,0
BRDA:237,36,1,0
BRDA:242,37,0,0
BRDA:242,37,1,0
BRDA:242,38,0,0
BRDA:242,38,1,0
BRDA:252,39,0,0
BRDA:252,39,1,0
BRDA:253,40,0,0
BRDA:253,40,1,0
BRDA:255,41,0,0
BRDA:255,41,1,0
BRDA:257,42,0,0
BRDA:257,42,1,0
BRDA:263,43,0,0
BRDA:263,43,1,0
BRDA:264,44,0,0
BRDA:264,44,1,0
BRDA:264,45,0,0
BRDA:264,45,1,0
BRDA:265,46,0,0
BRDA:265,46,1,0
BRDA:265,47,0,0
BRDA:265,47,1,0
BRDA:274,48,0,0
BRDA:274,48,1,0
BRDA:275,49,0,0
BRDA:275,49,1,0
BRDA:282,50,0,0
BRDA:282,50,1,0
BRDA:283,51,0,0
BRDA:283,51,1,0
BRDA:283,52,0,0
BRDA:283,52,1,0
BRDA:284,53,0,0
BRDA:284,53,1,0
BRDA:284,54,0,0
BRDA:284,54,1,0
BRDA:285,55,0,0
BRDA:285,55,1,0
BRDA:288,56,0,0
BRDA:288,56,1,0
BRDA:289,57,0,0
BRDA:289,57,1,0
BRDA:289,58,0,0
BRDA:289,58,1,0
BRDA:294,59,0,0
BRDA:294,59,1,0
BRDA:301,60,0,0
BRDA:301,60,1,0
BRDA:307,61,0,0
BRDA:307,61,1,0
BRDA:321,62,0,0
BRDA:321,62,1,0
BRDA:331,63,0,0
BRDA:331,63,1,0
BRDA:332,64,0,0
BRDA:332,64,1,0
BRDA:334,65,0,0
BRDA:334,65,1,0
BRDA:335,66,0,0
BRDA:335,66,1,0
BRDA:337,67,0,0
BRDA:337,67,1,0
BRDA:338,68,0,0
BRDA:338,68,1,0
BRDA:345,69,0,0
BRDA:345,69,1,0
BRDA:351,70,0,0
BRDA:351,70,1,0
BRDA:361,71,0,0
BRDA:361,71,1,0
BRDA:365,72,0,0
BRDA:365,72,1,0
BRDA:366,73,0,0
BRDA:366,73,1,0
BRDA:367,74,0,0
BRDA:367,74,1,0
BRDA:368,75,0,0
BRDA:368,75,1,0
BRDA:369,76,0,0
BRDA:369,76,1,0
BRDA:370,77,0,0
BRDA:370,77,1,0
BRDA:383,78,0,0
BRDA:383,78,1,0
BRDA:384,79,0,0
BRDA:384,79,1,0
BRDA:385,80,0,0
BRDA:385,80,1,0
BRDA:386,81,0,0
BRDA:386,81,1,0
BRDA:387,82,0,0
BRDA:387,82,1,0
BRDA:388,83,0,0
BRDA:388,83,1,0
BRDA:389,84,0,0
BRDA:389,84,1,0
BRDA:396,85,0,0
BRDA:396,85,1,0
BRDA:405,86,0,0
BRDA:405,86,1,0
BRDA:413,87,0,0
BRDA:413,87,1,1
BRDA:417,88,0,0
BRDA:417,88,1,1
BRDA:417,89,0,1
BRDA:417,89,1,1
BRDA:422,90,0,1
BRDA:422,90,1,0
BRDA:423,91,0,1
BRDA:423,91,1,0
BRDA:424,92,0,1
BRDA:424,92,1,0
BRDA:430,93,0,0
BRDA:430,93,1,0
BRDA:436,94,0,1
BRDA:436,94,1,0
BRDA:436,94,2,0
BRDA:441,95,0,2
BRDA:441,95,1,0
BRDA:442,96,0,0
BRDA:442,96,1,2
BRDA:449,97,0,1
BRDA:449,97,1,1
BRDA:454,98,0,0
BRDA:454,98,1,1
BRDA:454,99,0,1
BRDA:454,99,1,1
BRDA:460,100,0,1
BRDA:460,100,1,0
BRDA:466,101,0,0
BRDA:466,101,1,1
BRDA:493,102,0,2
BRDA:493,102,1,0
BRDA:494,103,0,2
BRDA:494,103,1,0
BRDA:496,104,0,0
BRDA:496,104,1,2
BRDA:499,105,0,0
BRDA:499,105,1,2
BRDA:499,106,0,2
BRDA:499,106,1,2
BRDA:510,107,0,1
BRDA:510,107,1,1
BRDA:515,108,0,1
BRDA:515,108,1,0
BRDA:526,109,0,2
BRDA:526,109,1,0
BRDA:527,110,0,0
BRDA:527,110,1,2
BRDA:532,111,0,0
BRDA:532,111,1,2
BRDA:536,112,0,1
BRDA:536,112,1,1
BRDA:537,113,0,0
BRDA:537,113,1,1
BRDA:548,114,0,2
BRDA:548,114,1,0
BRDA:549,115,0,2
BRDA:549,115,1,0
BRDA:550,116,0,0
BRDA:550,116,1,2
BRDA:550,117,0,2
BRDA:550,117,1,2
BRDA:555,118,0,0
BRDA:555,118,1,2
BRDA:560,119,0,1
BRDA:560,119,1,1
BRDA:565,120,0,0
BRDA:565,120,1,1
BRDA:575,121,0,0
BRDA:575,121,1,0
BRDA:579,122,0,0
BRDA:579,122,1,0
BRDA:585,123,0,0
BRDA:585,123,1,0
BRF:249
BRH:81
end_of_record
TN:
SF:src\modules\projects\projects.controller.js
FN:3,getUserId
FN:7,toNumber
FN:13,toDate
FN:19,toStringArray
FN:21,(anonymous_4)
FN:25,(anonymous_5)
FN:29,mapFilesToImages
FN:31,(anonymous_7)
FN:43,createProject
FN:104,listMyProjects
FN:118,listAllProjects
FN:130,getProjectById
FN:152,updateProject
FN:245,deleteProject
FNF:14
FNH:13
FNDA:8,getUserId
FNDA:9,toNumber
FNDA:6,toDate
FNDA:2,toStringArray
FNDA:0,(anonymous_4)
FNDA:4,(anonymous_5)
FNDA:3,mapFilesToImages
FNDA:1,(anonymous_7)
FNDA:3,createProject
FNDA:1,listMyProjects
FNDA:1,listAllProjects
FNDA:3,getProjectById
FNDA:2,updateProject
FNDA:2,deleteProject
DA:1,1
DA:4,8
DA:8,9
DA:9,7
DA:10,7
DA:14,6
DA:15,2
DA:16,2
DA:20,2
DA:21,2
DA:23,2
DA:25,4
DA:30,3
DA:31,3
DA:44,3
DA:59,3
DA:61,3
DA:62,1
DA:65,2
DA:67,2
DA:91,2
DA:95,2
DA:97,0
DA:105,1
DA:106,1
DA:109,1
DA:111,0
DA:119,1
DA:120,1
DA:124,1
DA:126,0
DA:131,3
DA:132,3
DA:136,3
DA:138,2
DA:141,2
DA:142,1
DA:146,1
DA:148,0
DA:153,2
DA:169,2
DA:171,2
DA:172,2
DA:175,2
DA:176,0
DA:179,2
DA:180,1
DA:181,0
DA:183,1
DA:185,2
DA:186,0
DA:189,2
DA:190,2
DA:192,2
DA:193,1
DA:199,2
DA:200,2
DA:201,1
DA:203,1
DA:204,1
DA:205,1
DA:207,1
DA:208,1
DA:209,1
DA:211,1
DA:212,1
DA:213,1
DA:215,1
DA:216,1
DA:217,1
DA:219,1
DA:222,1
DA:225,1
DA:226,1
DA:228,1
DA:229,1
DA:230,1
DA:233,1
DA:235,1
DA:239,1
DA:241,0
DA:246,2
DA:247,2
DA:248,2
DA:250,2
DA:251,1
DA:254,1
DA:255,1
DA:257,0
DA:261,1
LF:90
LH:81
BRDA:4,0,0,8
BRDA:4,0,1,8
BRDA:4,0,2,7
BRDA:4,0,3,0
BRDA:8,1,0,2
BRDA:8,1,1,7
BRDA:8,2,0,9
BRDA:8,2,1,7
BRDA:8,2,2,7
BRDA:10,3,0,6
BRDA:10,3,1,1
BRDA:14,4,0,4
BRDA:14,4,1,2
BRDA:16,5,0,0
BRDA:16,5,1,2
BRDA:20,6,0,0
BRDA:20,6,1,2
BRDA:21,7,0,0
BRDA:21,7,1,2
BRDA:30,8,0,3
BRDA:30,8,1,0
BRDA:59,9,0,3
BRDA:59,9,1,0
BRDA:61,10,0,1
BRDA:61,10,1,2
BRDA:61,11,0,3
BRDA:61,11,1,2
BRDA:61,11,2,2
BRDA:70,12,0,0
BRDA:70,12,1,2
BRDA:71,13,0,0
BRDA:71,13,1,2
BRDA:72,14,0,0
BRDA:72,14,1,2
BRDA:74,15,0,1
BRDA:74,15,1,1
BRDA:75,16,0,1
BRDA:75,16,1,1
BRDA:77,17,0,2
BRDA:77,17,1,0
BRDA:78,18,0,0
BRDA:78,18,1,2
BRDA:79,19,0,0
BRDA:79,19,1,2
BRDA:80,20,0,0
BRDA:80,20,1,2
BRDA:81,21,0,2
BRDA:81,21,1,2
BRDA:81,21,2,2
BRDA:85,22,0,2
BRDA:85,22,1,2
BRDA:85,22,2,2
BRDA:87,23,0,1
BRDA:87,23,1,1
BRDA:88,24,0,0
BRDA:88,24,1,2
BRDA:136,25,0,1
BRDA:136,25,1,2
BRDA:141,26,0,1
BRDA:141,26,1,1
BRDA:141,27,0,2
BRDA:141,27,1,1
BRDA:141,28,0,1
BRDA:141,28,1,0
BRDA:169,29,0,2
BRDA:169,29,1,0
BRDA:172,30,0,0
BRDA:172,30,1,2
BRDA:175,31,0,0
BRDA:175,31,1,2
BRDA:179,32,0,1
BRDA:179,32,1,1
BRDA:180,33,0,0
BRDA:180,33,1,1
BRDA:180,34,0,1
BRDA:180,34,1,1
BRDA:185,35,0,0
BRDA:185,35,1,2
BRDA:189,36,0,0
BRDA:189,36,1,2
BRDA:190,37,0,0
BRDA:190,37,1,2
BRDA:192,38,0,1
BRDA:192,38,1,1
BRDA:192,39,0,2
BRDA:192,39,1,1
BRDA:194,40,0,1
BRDA:194,40,1,0
BRDA:194,41,0,0
BRDA:194,41,1,0
BRDA:195,42,0,1
BRDA:195,42,1,0
BRDA:195,43,0,0
BRDA:195,43,1,0
BRDA:200,44,0,1
BRDA:200,44,1,1
BRDA:200,45,0,2
BRDA:200,45,1,2
BRDA:201,46,0,1
BRDA:201,46,1,0
BRDA:204,47,0,0
BRDA:204,47,1,1
BRDA:204,48,0,1
BRDA:204,48,1,1
BRDA:205,49,0,1
BRDA:205,49,1,0
BRDA:208,50,0,0
BRDA:208,50,1,1
BRDA:208,51,0,1
BRDA:208,51,1,1
BRDA:209,52,0,1
BRDA:209,52,1,0
BRDA:212,53,0,0
BRDA:212,53,1,1
BRDA:212,54,0,1
BRDA:212,54,1,1
BRDA:213,55,0,1
BRDA:213,55,1,0
BRDA:215,56,0,1
BRDA:215,56,1,0
BRDA:215,57,0,1
BRDA:215,57,1,0
BRDA:216,58,0,1
BRDA:216,58,1,0
BRDA:216,58,2,0
BRDA:219,59,0,1
BRDA:219,59,1,0
BRDA:222,60,0,1
BRDA:222,60,1,0
BRDA:225,61,0,1
BRDA:225,61,1,0
BRDA:229,62,0,1
BRDA:229,62,1,0
BRDA:230,63,0,1
BRDA:230,63,1,0
BRDA:248,64,0,0
BRDA:248,64,1,2
BRDA:250,65,0,1
BRDA:250,65,1,1
BRF:139
BRH:94
end_of_record
TN:
SF:src\utils\notify.js
FN:4,parseEmailList
FN:7,(anonymous_1)
FN:11,sendNotificationEmail
FN:21,notify
FN:40,buildPlainTextEmail
FN:58,buildHtmlEmail
FN:114,renderMetaRows
FN:117,(anonymous_7)
FN:120,(anonymous_8)
FN:134,formatMetaValue
FN:146,escapeHtml
FNF:11
FNH:11
FNDA:2,parseEmailList
FNDA:4,(anonymous_1)
FNDA:1,sendNotificationEmail
FNDA:3,notify
FNDA:1,buildPlainTextEmail
FNDA:1,buildHtmlEmail
FNDA:1,renderMetaRows
FNDA:8,(anonymous_7)
FNDA:2,(anonymous_8)
FNDA:2,formatMetaValue
FNDA:8,escapeHtml
DA:1,1
DA:2,1
DA:5,2
DA:7,4
DA:12,1
DA:13,1
DA:14,1
DA:22,3
DA:25,3
DA:26,3
DA:29,3
DA:30,3
DA:31,1
DA:32,1
DA:33,1
DA:34,1
DA:37,3
DA:41,1
DA:42,1
DA:43,1
DA:44,1
DA:45,1
DA:46,1
DA:47,1
DA:48,1
DA:49,1
DA:50,1
DA:52,0
DA:55,1
DA:59,1
DA:60,1
DA:61,1
DA:63,1
DA:64,1
DA:65,1
DA:68,1
DA:116,1
DA:117,8
DA:119,1
DA:121,2
DA:122,2
DA:123,2
DA:124,2
DA:135,2
DA:136,2
DA:137,2
DA:138,0
DA:139,0
DA:140,0
DA:142,0
DA:147,8
DA:155,1
LF:52
LH:47
BRDA:5,0,0,2
BRDA:5,0,1,0
BRDA:12,1,0,0
BRDA:12,1,1,1
BRDA:21,2,0,2
BRDA:21,3,0,0
BRDA:22,4,0,3
BRDA:22,4,1,3
BRDA:25,5,0,1
BRDA:25,5,1,2
BRDA:26,6,0,2
BRDA:26,6,1,1
BRDA:29,7,0,1
BRDA:29,7,1,2
BRDA:30,8,0,1
BRDA:30,8,1,2
BRDA:30,9,0,3
BRDA:30,9,1,1
BRDA:31,10,0,1
BRDA:31,10,1,0
BRDA:31,10,2,0
BRDA:42,11,0,1
BRDA:42,11,1,0
BRDA:43,12,0,1
BRDA:43,12,1,0
BRDA:46,13,0,1
BRDA:46,13,1,0
BRDA:59,14,0,1
BRDA:59,14,1,0
BRDA:60,15,0,1
BRDA:60,15,1,0
BRDA:63,16,0,1
BRDA:63,16,1,0
BRDA:63,17,0,1
BRDA:63,17,1,1
BRDA:64,18,0,1
BRDA:64,18,1,0
BRDA:65,19,0,1
BRDA:65,19,1,0
BRDA:91,20,0,1
BRDA:91,20,1,0
BRDA:98,21,0,1
BRDA:98,21,1,0
BRDA:135,22,0,0
BRDA:135,22,1,2
BRDA:136,23,0,0
BRDA:136,23,1,2
BRDA:137,24,0,2
BRDA:137,24,1,0
BRDA:138,25,0,0
BRDA:138,25,1,0
BRDA:138,26,0,0
BRDA:138,26,1,0
BRF:53
BRH:31
end_of_record
