TN:
SF:src\jobs\expireServiceRequests.js
FN:8,expireServiceRequests
FN:26,startExpireJob
FNF:2
FNH:1
FNDA:3,expireServiceRequests
FNDA:0,startExpireJob
DA:6,1
DA:9,3
DA:10,3
DA:11,3
DA:18,2
DA:19,1
DA:22,1
DA:27,0
DA:29,0
DA:30,0
DA:31,0
DA:34,1
LF:12
LH:8
BRDA:18,0,0,1
BRDA:18,0,1,1
BRDA:27,1,0,0
BRDA:27,1,1,0
BRF:4
BRH:2
end_of_record
TN:
SF:src\modules\auth\auth.service.js
FN:17,getGoogleClient
FN:29,makeToken
FN:33,hashToken
FN:37,buildVerifyLink
FN:42,sendVerificationEmail
FN:62,signJwt
FN:70,sanitizeUser
FN:76,register
FN:115,login
FN:169,me
FN:180,verifyEmail
FN:203,resendVerification
FN:236,googleLogin
FN:321,updateProfile
FN:426,changePassword
FN:450,buildResetPasswordLink
FN:455,forgotPassword
FN:507,resetPassword
FN:540,phoneStart
FN:562,phoneVerify
FN:589,setRole
FNF:21
FNH:15
FNDA:0,getGoogleClient
FNDA:3,makeToken
FNDA:6,hashToken
FNDA:2,buildVerifyLink
FNDA:0,sendVerificationEmail
FNDA:3,signJwt
FNDA:4,sanitizeUser
FNDA:3,register
FNDA:4,login
FNDA:0,me
FNDA:2,verifyEmail
FNDA:2,resendVerification
FNDA:0,googleLogin
FNDA:0,updateProfile
FNDA:1,changePassword
FNDA:1,buildResetPasswordLink
FNDA:2,forgotPassword
FNDA:2,resetPassword
FNDA:2,phoneStart
FNDA:2,phoneVerify
FNDA:0,setRole
DA:1,1
DA:2,1
DA:3,1
DA:4,1
DA:5,1
DA:6,1
DA:7,1
DA:8,1
DA:10,1
DA:11,1
DA:14,1
DA:15,1
DA:18,0
DA:19,0
DA:22,0
DA:23,0
DA:24,0
DA:26,0
DA:30,3
DA:34,6
DA:38,2
DA:39,2
DA:43,0
DA:44,0
DA:45,0
DA:46,0
DA:58,0
DA:59,0
DA:63,3
DA:71,4
DA:72,4
DA:73,4
DA:77,3
DA:78,1
DA:83,2
DA:84,0
DA:87,2
DA:88,2
DA:89,1
DA:92,1
DA:93,1
DA:94,1
DA:95,1
DA:97,1
DA:104,1
DA:105,1
DA:106,0
DA:108,1
DA:109,1
DA:112,1
DA:117,4
DA:118,4
DA:119,1
DA:122,3
DA:129,3
DA:130,0
DA:133,3
DA:134,0
DA:137,3
DA:138,3
DA:139,0
DA:142,3
DA:143,3
DA:144,1
DA:147,2
DA:148,1
DA:149,1
DA:150,1
DA:151,1
DA:153,0
DA:154,0
DA:155,0
DA:156,0
DA:160,2
DA:161,0
DA:164,2
DA:166,2
DA:170,0
DA:171,0
DA:172,0
DA:173,0
DA:174,0
DA:177,0
DA:181,2
DA:182,1
DA:184,1
DA:186,1
DA:191,1
DA:192,0
DA:195,1
DA:196,1
DA:197,1
DA:198,1
DA:200,1
DA:204,2
DA:205,0
DA:208,2
DA:209,2
DA:210,0
DA:213,2
DA:214,1
DA:217,1
DA:218,1
DA:219,1
DA:221,1
DA:222,1
DA:223,1
DA:225,1
DA:226,1
DA:227,0
DA:229,1
DA:230,1
DA:233,1
DA:237,0
DA:238,0
DA:243,0
DA:244,0
DA:247,0
DA:248,0
DA:249,0
DA:253,0
DA:258,0
DA:259,0
DA:260,0
DA:261,0
DA:263,0
DA:264,0
DA:267,0
DA:269,0
DA:270,0
DA:271,0
DA:273,0
DA:287,0
DA:288,0
DA:289,0
DA:290,0
DA:291,0
DA:294,0
DA:295,0
DA:296,0
DA:297,0
DA:298,0
DA:300,0
DA:301,0
DA:302,0
DA:303,0
DA:307,0
DA:308,0
DA:311,0
DA:313,0
DA:314,0
DA:322,0
DA:323,0
DA:324,0
DA:326,0
DA:327,0
DA:328,0
DA:329,0
DA:330,0
DA:331,0
DA:334,0
DA:337,0
DA:338,0
DA:340,0
DA:341,0
DA:343,0
DA:344,0
DA:346,0
DA:347,0
DA:350,0
DA:351,0
DA:354,0
DA:355,0
DA:356,0
DA:359,0
DA:360,0
DA:361,0
DA:362,0
DA:364,0
DA:365,0
DA:370,0
DA:371,0
DA:372,0
DA:385,0
DA:386,0
DA:389,0
DA:390,0
DA:393,0
DA:395,0
DA:396,0
DA:397,0
DA:398,0
DA:399,0
DA:400,0
DA:401,0
DA:402,0
DA:403,0
DA:404,0
DA:407,0
DA:408,0
DA:411,0
DA:412,0
DA:413,0
DA:419,0
DA:420,0
DA:421,0
DA:423,0
DA:427,1
DA:428,1
DA:429,0
DA:432,1
DA:433,0
DA:437,1
DA:438,1
DA:439,1
DA:440,1
DA:444,0
DA:445,0
DA:446,0
DA:447,0
DA:451,1
DA:452,1
DA:456,2
DA:457,2
DA:458,0
DA:461,2
DA:464,2
DA:465,1
DA:469,1
DA:470,0
DA:473,1
DA:474,1
DA:475,1
DA:476,1
DA:478,1
DA:480,1
DA:481,1
DA:482,0
DA:500,1
DA:501,1
DA:504,1
DA:508,2
DA:509,2
DA:511,2
DA:512,0
DA:514,2
DA:515,0
DA:518,2
DA:520,2
DA:525,2
DA:526,1
DA:529,1
DA:530,1
DA:532,1
DA:533,1
DA:535,1
DA:537,1
DA:541,2
DA:542,2
DA:543,0
DA:546,2
DA:547,2
DA:548,0
DA:551,2
DA:552,1
DA:553,1
DA:554,1
DA:555,1
DA:558,1
DA:559,1
DA:563,2
DA:564,2
DA:565,2
DA:566,0
DA:569,2
DA:570,2
DA:571,0
DA:574,2
DA:575,2
DA:576,1
DA:580,1
DA:581,0
DA:582,0
DA:585,1
DA:586,1
DA:590,0
DA:591,0
DA:595,0
DA:596,0
DA:598,0
DA:599,0
DA:600,0
DA:603,0
DA:605,0
DA:606,0
DA:608,0
DA:609,0
DA:612,1
LF:298
LH:143
BRDA:18,0,0,0
BRDA:18,0,1,0
BRDA:19,1,0,0
BRDA:19,1,1,0
BRDA:22,2,0,0
BRDA:22,2,1,0
BRDA:22,3,0,0
BRDA:22,3,1,0
BRDA:38,4,0,2
BRDA:38,4,1,0
BRDA:38,4,2,0
BRDA:62,5,0,3
BRDA:66,6,0,3
BRDA:66,6,1,3
BRDA:71,7,0,4
BRDA:71,7,1,0
BRDA:77,8,0,1
BRDA:77,8,1,2
BRDA:83,9,0,0
BRDA:83,9,1,2
BRDA:88,10,0,1
BRDA:88,10,1,1
BRDA:95,11,0,1
BRDA:95,11,1,0
BRDA:105,12,0,0
BRDA:105,12,1,1
BRDA:117,13,0,4
BRDA:117,13,1,1
BRDA:118,14,0,1
BRDA:118,14,1,3
BRDA:129,15,0,0
BRDA:129,15,1,3
BRDA:133,16,0,0
BRDA:133,16,1,3
BRDA:137,17,0,3
BRDA:137,17,1,0
BRDA:138,18,0,0
BRDA:138,18,1,3
BRDA:142,19,0,3
BRDA:142,19,1,1
BRDA:143,20,0,1
BRDA:143,20,1,2
BRDA:143,21,0,3
BRDA:143,21,1,2
BRDA:147,22,0,1
BRDA:147,22,1,1
BRDA:148,23,0,1
BRDA:148,23,1,0
BRDA:148,24,0,1
BRDA:148,24,1,1
BRDA:153,25,0,0
BRDA:153,25,1,0
BRDA:160,26,0,0
BRDA:160,26,1,2
BRDA:171,27,0,0
BRDA:171,27,1,0
BRDA:181,28,0,1
BRDA:181,28,1,1
BRDA:191,29,0,0
BRDA:191,29,1,1
BRDA:204,30,0,0
BRDA:204,30,1,2
BRDA:209,31,0,0
BRDA:209,31,1,2
BRDA:213,32,0,1
BRDA:213,32,1,1
BRDA:219,33,0,1
BRDA:219,33,1,0
BRDA:226,34,0,0
BRDA:226,34,1,1
BRDA:237,35,0,0
BRDA:237,35,1,0
BRDA:243,36,0,0
BRDA:243,36,1,0
BRDA:243,37,0,0
BRDA:243,37,1,0
BRDA:248,38,0,0
BRDA:248,38,1,0
BRDA:248,39,0,0
BRDA:248,39,1,0
BRDA:258,40,0,0
BRDA:258,40,1,0
BRDA:259,41,0,0
BRDA:259,41,1,0
BRDA:261,42,0,0
BRDA:261,42,1,0
BRDA:263,43,0,0
BRDA:263,43,1,0
BRDA:269,44,0,0
BRDA:269,44,1,0
BRDA:270,45,0,0
BRDA:270,45,1,0
BRDA:270,46,0,0
BRDA:270,46,1,0
BRDA:271,47,0,0
BRDA:271,47,1,0
BRDA:271,48,0,0
BRDA:271,48,1,0
BRDA:280,49,0,0
BRDA:280,49,1,0
BRDA:281,50,0,0
BRDA:281,50,1,0
BRDA:288,51,0,0
BRDA:288,51,1,0
BRDA:289,52,0,0
BRDA:289,52,1,0
BRDA:289,53,0,0
BRDA:289,53,1,0
BRDA:290,54,0,0
BRDA:290,54,1,0
BRDA:290,55,0,0
BRDA:290,55,1,0
BRDA:291,56,0,0
BRDA:291,56,1,0
BRDA:294,57,0,0
BRDA:294,57,1,0
BRDA:295,58,0,0
BRDA:295,58,1,0
BRDA:295,59,0,0
BRDA:295,59,1,0
BRDA:300,60,0,0
BRDA:300,60,1,0
BRDA:307,61,0,0
BRDA:307,61,1,0
BRDA:313,62,0,0
BRDA:313,62,1,0
BRDA:327,63,0,0
BRDA:327,63,1,0
BRDA:337,64,0,0
BRDA:337,64,1,0
BRDA:338,65,0,0
BRDA:338,65,1,0
BRDA:340,66,0,0
BRDA:340,66,1,0
BRDA:341,67,0,0
BRDA:341,67,1,0
BRDA:343,68,0,0
BRDA:343,68,1,0
BRDA:344,69,0,0
BRDA:344,69,1,0
BRDA:346,70,0,0
BRDA:346,70,1,0
BRDA:347,71,0,0
BRDA:347,71,1,0
BRDA:354,72,0,0
BRDA:354,72,1,0
BRDA:360,73,0,0
BRDA:360,73,1,0
BRDA:370,74,0,0
BRDA:370,74,1,0
BRDA:374,75,0,0
BRDA:374,75,1,0
BRDA:375,76,0,0
BRDA:375,76,1,0
BRDA:376,77,0,0
BRDA:376,77,1,0
BRDA:377,78,0,0
BRDA:377,78,1,0
BRDA:378,79,0,0
BRDA:378,79,1,0
BRDA:379,80,0,0
BRDA:379,80,1,0
BRDA:380,81,0,0
BRDA:380,81,1,0
BRDA:380,82,0,0
BRDA:380,82,1,0
BRDA:381,83,0,0
BRDA:381,83,1,0
BRDA:381,84,0,0
BRDA:381,84,1,0
BRDA:382,85,0,0
BRDA:382,85,1,0
BRDA:395,86,0,0
BRDA:395,86,1,0
BRDA:396,87,0,0
BRDA:396,87,1,0
BRDA:397,88,0,0
BRDA:397,88,1,0
BRDA:398,89,0,0
BRDA:398,89,1,0
BRDA:399,90,0,0
BRDA:399,90,1,0
BRDA:400,91,0,0
BRDA:400,91,1,0
BRDA:401,92,0,0
BRDA:401,92,1,0
BRDA:401,93,0,0
BRDA:401,93,1,0
BRDA:402,94,0,0
BRDA:402,94,1,0
BRDA:402,95,0,0
BRDA:402,95,1,0
BRDA:403,96,0,0
BRDA:403,96,1,0
BRDA:404,97,0,0
BRDA:404,97,1,0
BRDA:411,98,0,0
BRDA:411,98,1,0
BRDA:420,99,0,0
BRDA:420,99,1,0
BRDA:428,100,0,0
BRDA:428,100,1,1
BRDA:432,101,0,0
BRDA:432,101,1,1
BRDA:432,102,0,1
BRDA:432,102,1,1
BRDA:437,103,0,1
BRDA:437,103,1,0
BRDA:438,104,0,1
BRDA:438,104,1,0
BRDA:439,105,0,1
BRDA:439,105,1,0
BRDA:445,106,0,0
BRDA:445,106,1,0
BRDA:451,107,0,1
BRDA:451,107,1,0
BRDA:451,107,2,0
BRDA:456,108,0,2
BRDA:456,108,1,0
BRDA:457,109,0,0
BRDA:457,109,1,2
BRDA:464,110,0,1
BRDA:464,110,1,1
BRDA:469,111,0,0
BRDA:469,111,1,1
BRDA:469,112,0,1
BRDA:469,112,1,1
BRDA:475,113,0,1
BRDA:475,113,1,0
BRDA:481,114,0,0
BRDA:481,114,1,1
BRDA:508,115,0,2
BRDA:508,115,1,0
BRDA:509,116,0,2
BRDA:509,116,1,0
BRDA:511,117,0,0
BRDA:511,117,1,2
BRDA:514,118,0,0
BRDA:514,118,1,2
BRDA:514,119,0,2
BRDA:514,119,1,2
BRDA:525,120,0,1
BRDA:525,120,1,1
BRDA:530,121,0,1
BRDA:530,121,1,0
BRDA:541,122,0,2
BRDA:541,122,1,0
BRDA:542,123,0,0
BRDA:542,123,1,2
BRDA:547,124,0,0
BRDA:547,124,1,2
BRDA:551,125,0,1
BRDA:551,125,1,1
BRDA:552,126,0,0
BRDA:552,126,1,1
BRDA:563,127,0,2
BRDA:563,127,1,0
BRDA:564,128,0,2
BRDA:564,128,1,0
BRDA:565,129,0,0
BRDA:565,129,1,2
BRDA:565,130,0,2
BRDA:565,130,1,2
BRDA:570,131,0,0
BRDA:570,131,1,2
BRDA:575,132,0,1
BRDA:575,132,1,1
BRDA:580,133,0,0
BRDA:580,133,1,1
BRDA:590,134,0,0
BRDA:590,134,1,0
BRDA:595,135,0,0
BRDA:595,135,1,0
BRDA:599,136,0,0
BRDA:599,136,1,0
BRDA:605,137,0,0
BRDA:605,137,1,0
BRF:277
BRH:82
end_of_record
TN:
SF:src\modules\projects\projects.controller.js
FN:4,getUserId
FN:8,toNumber
FN:14,toDate
FN:20,toStringArray
FN:22,(anonymous_4)
FN:23,(anonymous_5)
FN:26,mapFilesToImages
FN:45,createProject
FN:115,listMyProjects
FN:126,listAllProjects
FN:138,getProjectById
FN:158,updateProject
FN:252,deleteProject
FNF:13
FNH:12
FNDA:8,getUserId
FNDA:13,toNumber
FNDA:6,toDate
FNDA:2,toStringArray
FNDA:0,(anonymous_4)
FNDA:4,(anonymous_5)
FNDA:3,mapFilesToImages
FNDA:3,createProject
FNDA:1,listMyProjects
FNDA:1,listAllProjects
FNDA:3,getProjectById
FNDA:2,updateProject
FNDA:2,deleteProject
DA:1,1
DA:2,1
DA:5,8
DA:9,13
DA:10,7
DA:11,7
DA:15,6
DA:16,2
DA:17,2
DA:21,2
DA:22,2
DA:23,4
DA:27,3
DA:28,3
DA:29,3
DA:30,1
DA:34,1
DA:42,3
DA:46,3
DA:63,3
DA:65,3
DA:66,1
DA:69,2
DA:71,2
DA:96,2
DA:100,2
DA:102,2
DA:103,0
DA:109,2
DA:111,0
DA:116,1
DA:117,1
DA:120,1
DA:122,0
DA:127,1
DA:128,1
DA:132,1
DA:134,0
DA:139,3
DA:140,3
DA:144,3
DA:146,2
DA:148,2
DA:149,1
DA:152,1
DA:154,0
DA:159,2
DA:177,2
DA:179,2
DA:180,2
DA:182,2
DA:183,0
DA:186,2
DA:187,1
DA:188,0
DA:190,1
DA:192,2
DA:193,0
DA:196,2
DA:197,2
DA:199,2
DA:200,1
DA:208,2
DA:209,2
DA:210,1
DA:212,1
DA:213,1
DA:214,1
DA:216,1
DA:217,1
DA:218,1
DA:220,1
DA:221,1
DA:222,1
DA:224,1
DA:225,1
DA:226,1
DA:227,1
DA:230,1
DA:232,1
DA:233,1
DA:235,1
DA:236,1
DA:237,1
DA:240,1
DA:242,1
DA:246,1
DA:248,0
DA:253,2
DA:254,2
DA:255,2
DA:257,2
DA:258,1
DA:261,1
DA:262,1
DA:264,0
DA:268,1
LF:97
LH:87
BRDA:5,0,0,8
BRDA:5,0,1,6
BRDA:5,0,2,5
BRDA:5,0,3,0
BRDA:9,1,0,6
BRDA:9,1,1,7
BRDA:9,2,0,13
BRDA:9,2,1,7
BRDA:9,2,2,7
BRDA:11,3,0,6
BRDA:11,3,1,1
BRDA:15,4,0,4
BRDA:15,4,1,2
BRDA:17,5,0,0
BRDA:17,5,1,2
BRDA:21,6,0,0
BRDA:21,6,1,2
BRDA:22,7,0,0
BRDA:22,7,1,2
BRDA:27,8,0,3
BRDA:27,8,1,0
BRDA:36,9,0,1
BRDA:36,9,1,0
BRDA:63,10,0,3
BRDA:63,10,1,0
BRDA:65,11,0,1
BRDA:65,11,1,2
BRDA:65,12,0,3
BRDA:65,12,1,2
BRDA:65,12,2,2
BRDA:74,13,0,0
BRDA:74,13,1,2
BRDA:75,14,0,0
BRDA:75,14,1,2
BRDA:76,15,0,0
BRDA:76,15,1,2
BRDA:78,16,0,1
BRDA:78,16,1,1
BRDA:79,17,0,1
BRDA:79,17,1,1
BRDA:80,18,0,0
BRDA:80,18,1,2
BRDA:81,19,0,0
BRDA:81,19,1,2
BRDA:83,20,0,2
BRDA:83,20,1,0
BRDA:84,21,0,0
BRDA:84,21,1,2
BRDA:85,22,0,0
BRDA:85,22,1,2
BRDA:86,23,0,0
BRDA:86,23,1,2
BRDA:87,24,0,2
BRDA:87,24,1,2
BRDA:87,24,2,2
BRDA:90,25,0,2
BRDA:90,25,1,2
BRDA:90,25,2,2
BRDA:92,26,0,1
BRDA:92,26,1,1
BRDA:93,27,0,0
BRDA:93,27,1,2
BRDA:102,28,0,0
BRDA:102,28,1,2
BRDA:144,29,0,1
BRDA:144,29,1,2
BRDA:148,30,0,1
BRDA:148,30,1,1
BRDA:148,31,0,2
BRDA:148,31,1,1
BRDA:148,32,0,1
BRDA:148,32,1,0
BRDA:177,33,0,2
BRDA:177,33,1,0
BRDA:180,34,0,0
BRDA:180,34,1,2
BRDA:182,35,0,0
BRDA:182,35,1,2
BRDA:186,36,0,1
BRDA:186,36,1,1
BRDA:187,37,0,0
BRDA:187,37,1,1
BRDA:187,38,0,1
BRDA:187,38,1,1
BRDA:192,39,0,0
BRDA:192,39,1,2
BRDA:196,40,0,0
BRDA:196,40,1,2
BRDA:197,41,0,0
BRDA:197,41,1,2
BRDA:199,42,0,1
BRDA:199,42,1,1
BRDA:199,43,0,2
BRDA:199,43,1,1
BRDA:199,43,2,1
BRDA:199,43,3,1
BRDA:201,44,0,1
BRDA:201,44,1,0
BRDA:201,45,0,0
BRDA:201,45,1,0
BRDA:202,46,0,1
BRDA:202,46,1,0
BRDA:202,47,0,0
BRDA:202,47,1,0
BRDA:203,48,0,0
BRDA:203,48,1,1
BRDA:203,49,0,0
BRDA:203,49,1,0
BRDA:203,50,0,1
BRDA:203,50,1,1
BRDA:204,51,0,0
BRDA:204,51,1,1
BRDA:204,52,0,0
BRDA:204,52,1,0
BRDA:204,53,0,1
BRDA:204,53,1,1
BRDA:209,54,0,1
BRDA:209,54,1,1
BRDA:209,55,0,2
BRDA:209,55,1,2
BRDA:210,56,0,1
BRDA:210,56,1,0
BRDA:213,57,0,0
BRDA:213,57,1,1
BRDA:213,58,0,1
BRDA:213,58,1,1
BRDA:214,59,0,1
BRDA:214,59,1,0
BRDA:217,60,0,0
BRDA:217,60,1,1
BRDA:217,61,0,1
BRDA:217,61,1,1
BRDA:218,62,0,1
BRDA:218,62,1,0
BRDA:221,63,0,0
BRDA:221,63,1,1
BRDA:221,64,0,1
BRDA:221,64,1,1
BRDA:222,65,0,1
BRDA:222,65,1,0
BRDA:224,66,0,1
BRDA:224,66,1,0
BRDA:224,67,0,1
BRDA:224,67,1,0
BRDA:225,68,0,1
BRDA:225,68,1,0
BRDA:225,68,2,0
BRDA:227,69,0,1
BRDA:227,69,1,0
BRDA:230,70,0,1
BRDA:230,70,1,0
BRDA:232,71,0,1
BRDA:232,71,1,0
BRDA:236,72,0,1
BRDA:236,72,1,0
BRDA:237,73,0,1
BRDA:237,73,1,0
BRDA:255,74,0,0
BRDA:255,74,1,2
BRDA:257,75,0,1
BRDA:257,75,1,1
BRF:161
BRH:106
end_of_record
TN:
SF:src\modules\service-requests\serviceRequests.controller.js
FN:8,uid
FN:14,create
FN:36,listMine
FN:48,getOne
FN:57,(anonymous_4)
FN:62,(anonymous_5)
FN:64,(anonymous_6)
FN:81,update
FN:102,remove
FN:113,changeStatus
FN:132,acceptApplication
FN:142,(anonymous_11)
FN:161,(anonymous_12)
FN:169,rejectApplication
FN:197,listOpen
FN:225,(anonymous_15)
FN:229,(anonymous_16)
FN:239,getOpenOne
FN:251,(anonymous_18)
FN:269,apply
FN:276,(anonymous_20)
FN:305,(anonymous_21)
FN:334,withdraw
FN:341,(anonymous_23)
FN:355,myApplications
FN:368,(anonymous_25)
FN:371,(anonymous_26)
FN:372,(anonymous_27)
FN:395,reopen
FNF:29
FNH:12
FNDA:22,uid
FNDA:3,create
FNDA:1,listMine
FNDA:0,getOne
FNDA:0,(anonymous_4)
FNDA:0,(anonymous_5)
FNDA:0,(anonymous_6)
FNDA:0,update
FNDA:0,remove
FNDA:3,changeStatus
FNDA:0,acceptApplication
FNDA:0,(anonymous_11)
FNDA:0,(anonymous_12)
FNDA:0,rejectApplication
FNDA:3,listOpen
FNDA:2,(anonymous_15)
FNDA:1,(anonymous_16)
FNDA:0,getOpenOne
FNDA:0,(anonymous_18)
FNDA:5,apply
FNDA:1,(anonymous_20)
FNDA:0,(anonymous_21)
FNDA:4,withdraw
FNDA:2,(anonymous_23)
FNDA:0,myApplications
FNDA:0,(anonymous_25)
FNDA:0,(anonymous_26)
FNDA:0,(anonymous_27)
FNDA:3,reopen
DA:1,1
DA:2,1
DA:3,1
DA:4,1
DA:5,1
DA:6,1
DA:9,22
DA:15,3
DA:16,3
DA:17,3
DA:18,2
DA:20,1
DA:30,1
DA:32,0
DA:37,1
DA:38,1
DA:42,1
DA:44,0
DA:49,0
DA:50,0
DA:54,0
DA:57,0
DA:58,0
DA:61,0
DA:62,0
DA:64,0
DA:75,0
DA:77,0
DA:82,0
DA:83,0
DA:84,0
DA:85,0
DA:87,0
DA:88,0
DA:89,0
DA:90,0
DA:91,0
DA:92,0
DA:93,0
DA:95,0
DA:96,0
DA:98,0
DA:103,0
DA:104,0
DA:105,0
DA:106,0
DA:107,0
DA:109,0
DA:114,3
DA:115,3
DA:116,3
DA:117,3
DA:118,1
DA:121,2
DA:122,2
DA:124,1
DA:125,1
DA:126,1
DA:128,0
DA:133,0
DA:134,0
DA:135,0
DA:136,0
DA:138,0
DA:139,0
DA:142,0
DA:143,0
DA:145,0
DA:146,0
DA:148,0
DA:151,0
DA:160,0
DA:161,0
DA:163,0
DA:165,0
DA:170,0
DA:171,0
DA:172,0
DA:174,0
DA:175,0
DA:177,0
DA:178,0
DA:181,0
DA:189,0
DA:191,0
DA:198,3
DA:199,3
DA:202,3
DA:203,3
DA:204,3
DA:205,3
DA:208,3
DA:209,3
DA:210,3
DA:212,3
DA:213,3
DA:224,3
DA:225,3
DA:229,1
DA:233,3
DA:235,0
DA:240,0
DA:242,0
DA:248,0
DA:250,0
DA:251,0
DA:253,0
DA:265,0
DA:270,5
DA:271,5
DA:272,5
DA:273,5
DA:274,5
DA:276,4
DA:277,4
DA:279,3
DA:280,3
DA:286,3
DA:289,3
DA:295,3
DA:304,3
DA:305,3
DA:309,3
DA:310,3
DA:311,2
DA:312,2
DA:313,2
DA:314,2
DA:316,2
DA:321,2
DA:322,1
DA:328,3
DA:330,0
DA:335,4
DA:336,4
DA:337,4
DA:338,4
DA:339,4
DA:341,3
DA:342,3
DA:343,2
DA:344,1
DA:347,1
DA:348,1
DA:349,1
DA:351,0
DA:356,0
DA:357,0
DA:358,0
DA:365,0
DA:366,0
DA:368,0
DA:371,0
DA:372,0
DA:373,0
DA:388,0
DA:390,0
DA:396,3
DA:397,3
DA:398,3
DA:399,3
DA:400,1
DA:403,2
DA:404,1
DA:406,2
DA:407,2
DA:408,2
DA:410,0
DA:414,1
LF:169
LH:88
BRDA:9,0,0,22
BRDA:9,0,1,0
BRDA:9,0,2,0
BRDA:16,1,0,3
BRDA:16,1,1,0
BRDA:17,2,0,1
BRDA:17,2,1,2
BRDA:18,3,0,1
BRDA:18,3,1,1
BRDA:23,4,0,1
BRDA:23,4,1,1
BRDA:25,5,0,1
BRDA:25,5,1,0
BRDA:26,6,0,1
BRDA:26,6,1,0
BRDA:27,7,0,0
BRDA:27,7,1,1
BRDA:54,8,0,0
BRDA:54,8,1,0
BRDA:66,9,0,0
BRDA:66,9,1,0
BRDA:70,10,0,0
BRDA:70,10,1,0
BRDA:70,10,2,0
BRDA:84,11,0,0
BRDA:84,11,1,0
BRDA:85,12,0,0
BRDA:85,12,1,0
BRDA:87,13,0,0
BRDA:87,13,1,0
BRDA:88,14,0,0
BRDA:88,14,1,0
BRDA:89,15,0,0
BRDA:89,15,1,0
BRDA:90,16,0,0
BRDA:90,16,1,0
BRDA:91,17,0,0
BRDA:91,17,1,0
BRDA:92,18,0,0
BRDA:92,18,1,0
BRDA:92,19,0,0
BRDA:92,19,1,0
BRDA:93,20,0,0
BRDA:93,20,1,0
BRDA:93,21,0,0
BRDA:93,21,1,0
BRDA:105,22,0,0
BRDA:105,22,1,0
BRDA:115,23,0,3
BRDA:115,23,1,0
BRDA:117,24,0,1
BRDA:117,24,1,2
BRDA:122,25,0,1
BRDA:122,25,1,1
BRDA:135,26,0,0
BRDA:135,26,1,0
BRDA:136,27,0,0
BRDA:136,27,1,0
BRDA:139,28,0,0
BRDA:139,28,1,0
BRDA:143,29,0,0
BRDA:143,29,1,0
BRDA:161,30,0,0
BRDA:161,30,1,0
BRDA:172,31,0,0
BRDA:172,31,1,0
BRDA:175,32,0,0
BRDA:175,32,1,0
BRDA:199,33,0,3
BRDA:199,34,0,3
BRDA:203,35,0,3
BRDA:203,35,1,0
BRDA:205,36,0,1
BRDA:205,36,1,2
BRDA:209,37,0,1
BRDA:209,37,1,2
BRDA:210,38,0,0
BRDA:210,38,1,3
BRDA:229,39,0,2
BRDA:229,39,1,1
BRDA:230,40,0,2
BRDA:230,40,1,1
BRDA:248,41,0,0
BRDA:248,41,1,0
BRDA:259,42,0,0
BRDA:259,42,1,0
BRDA:260,43,0,0
BRDA:260,43,1,0
BRDA:273,44,0,0
BRDA:273,44,1,5
BRDA:274,45,0,1
BRDA:274,45,1,4
BRDA:277,46,0,1
BRDA:277,46,1,3
BRDA:279,47,0,3
BRDA:279,47,1,0
BRDA:282,48,0,3
BRDA:282,48,1,2
BRDA:283,49,0,3
BRDA:283,49,1,0
BRDA:304,50,0,3
BRDA:304,50,1,0
BRDA:304,51,0,3
BRDA:304,51,1,3
BRDA:310,52,0,2
BRDA:310,52,1,1
BRDA:321,53,0,1
BRDA:321,53,1,1
BRDA:321,54,0,2
BRDA:321,54,1,2
BRDA:322,55,0,0
BRDA:322,55,1,1
BRDA:338,56,0,0
BRDA:338,56,1,4
BRDA:339,57,0,1
BRDA:339,57,1,3
BRDA:342,58,0,1
BRDA:342,58,1,2
BRDA:343,59,0,1
BRDA:343,59,1,1
BRDA:398,60,0,0
BRDA:398,60,1,3
BRDA:399,61,0,1
BRDA:399,61,1,2
BRDA:403,62,0,1
BRDA:403,62,1,1
BRDA:403,63,0,2
BRDA:403,63,1,2
BRF:128
BRH:61
end_of_record
TN:
SF:src\utils\notify.js
FN:13,notify
FNF:1
FNH:1
FNDA:2,notify
DA:1,1
DA:2,1
DA:14,2
DA:15,2
DA:16,1
DA:25,1
DA:27,1
DA:31,1
LF:8
LH:8
BRDA:13,0,0,1
BRDA:13,1,0,1
BRDA:13,2,0,1
BRF:3
BRH:3
end_of_record
TN:
SF:src\utils\serviceRequestEmail.js
FN:3,(anonymous_0)
FN:8,sendApplicationReceivedEmail
FN:67,sendApplicationAcceptedEmail
FNF:3
FNH:3
FNDA:3,(anonymous_0)
FNDA:3,sendApplicationReceivedEmail
FNDA:2,sendApplicationAcceptedEmail
DA:1,1
DA:3,3
DA:9,3
DA:10,2
DA:11,2
DA:12,2
DA:14,2
DA:55,2
DA:57,2
DA:58,1
DA:60,1
DA:68,2
DA:69,1
DA:70,1
DA:71,1
DA:73,1
DA:98,1
DA:99,1
DA:100,1
DA:102,0
DA:106,1
LF:21
LH:20
BRDA:3,0,0,3
BRDA:3,0,1,3
BRDA:9,1,0,1
BRDA:9,1,1,2
BRDA:32,2,0,2
BRDA:32,2,1,0
BRDA:36,3,0,2
BRDA:36,3,1,0
BRDA:68,4,0,1
BRDA:68,4,1,1
BRDA:83,5,0,1
BRDA:83,5,1,0
BRF:12
BRH:9
end_of_record
